<?xml version="1.0" ?>
<testsuite name="TestNotebook-20231112123306" tests="4" time="0.000" failures="0" errors="0">
	<testcase classname="TestNotebook" name="test_add" time="0.000"/>
	<testcase classname="TestNotebook" name="test_del" time="0.000"/>
	<testcase classname="TestNotebook" name="test_display" time="0.000"/>
	<testcase classname="TestNotebook" name="test_err" time="0.000"/>
	<system-out><![CDATA[]]></system-out>
	<system-err><![CDATA[]]></system-err>
</testsuite>
